<?xml version="1.0" encoding="UTF-8"?>
<testng-results ignored="0" total="1" passed="1" failed="0" skipped="0">
  <reporter-output>
  </reporter-output>
  <suite started-at="2025-01-28T08:44:49 IST" name="Suite" finished-at="2025-01-28T08:45:44 IST" duration-ms="54486">
    <groups>
    </groups>
    <test started-at="2025-01-28T08:44:49 IST" name="Test" finished-at="2025-01-28T08:45:44 IST" duration-ms="54486">
      <class name="packageofAmazon.Project_Maven_Amazon.TestCase1">
        <test-method is-config="true" signature="launch()[pri:0, instance:packageofAmazon.Project_Maven_Amazon.TestCase1@8dbdac1]" started-at="2025-01-28T08:44:49 IST" name="launch" finished-at="2025-01-28T08:45:19 IST" duration-ms="29255" status="PASS">
          <reporter-output>
          </reporter-output>
        </test-method> <!-- launch -->
        <test-method signature="logintoamazon_search_logout()[pri:0, instance:packageofAmazon.Project_Maven_Amazon.TestCase1@8dbdac1]" started-at="2025-01-28T08:45:19 IST" name="logintoamazon_search_logout" finished-at="2025-01-28T08:45:40 IST" duration-ms="21573" status="PASS">
          <reporter-output>
          </reporter-output>
        </test-method> <!-- logintoamazon_search_logout -->
        <test-method is-config="true" signature="quit()[pri:0, instance:packageofAmazon.Project_Maven_Amazon.TestCase1@8dbdac1]" started-at="2025-01-28T08:45:40 IST" name="quit" finished-at="2025-01-28T08:45:44 IST" duration-ms="3615" status="PASS">
          <reporter-output>
          </reporter-output>
        </test-method> <!-- quit -->
      </class> <!-- packageofAmazon.Project_Maven_Amazon.TestCase1 -->
    </test> <!-- Test -->
  </suite> <!-- Suite -->
</testng-results>
